<?xml version="1.0" encoding="UTF-8"?>
<!-- Generated by org.testng.reporters.JUnitXMLReporter -->
<testsuite ignored="0" hostname="Daya-Cybernetic-Sylph-Workspace" failures="0" tests="3" name="Test" time="15.187" errors="0" timestamp="2025-04-24T17:26:06 IST">
  <testcase classname="testCases.TC003_LoginDDT" name="verify_login" time="1.422"/>
  <testcase classname="testCases.TC003_LoginDDT" name="verify_login" time="1.432"/>
  <testcase classname="testCases.TC003_LoginDDT" name="verify_login" time="1.71"/>
</testsuite> <!-- Test -->
